Base path: '/Applications/Unity/Hub/Editor/2022.3.5f1/Unity.app/Contents', plugins path '/Applications/Unity/Hub/Editor/2022.3.5f1/PlaybackEngines'
Cmd: initializeCompiler

Cmd: compileComputeKernel
  insize=6915 file=Assets/Scripts/RayTracingShader.compute kernel=CSMain ppOnly=0 stripLineD=0 buildPlatform=2 km=<UNITY_VERSION=202235> pKW=UNITY_ENABLE_REFLECTION_BUFFERS UNITY_FRAMEBUFFER_FETCH_AVAILABLE UNITY_USE_DITHER_MASK_FOR_ALPHABLENDED_SHADOWS UNITY_PBS_USE_BRDF1 UNITY_SPECCUBE_BOX_PROJECTION UNITY_SPECCUBE_BLENDING UNITY_ENABLE_DETAIL_NORMALMAP SHADER_API_DESKTOP UNITY_COLORSPACE_GAMMA UNITY_LIGHT_PROBE_PROXY_VOLUME UNITY_LIGHTMAP_FULL_HDR UNITY_NEEDS_RENDERPASS_FBFETCH_FALLBACK uKW=SHADER_STAGE_COMPUTE platform=metal flags=4294971396 reqs=16385 forceDXC=0 forceFXC=0  error: 1 plat 14 at RayTracingShader.compute(199): use of potentially uninitialized variable (Shade)
 ok=1 outsize=12396

Cmd: compileComputeKernel
  insize=6921 file=Assets/Scripts/RayTracingShader.compute kernel=CSMain ppOnly=0 stripLineD=0 buildPlatform=2 km=<UNITY_VERSION=202235> pKW=UNITY_ENABLE_REFLECTION_BUFFERS UNITY_FRAMEBUFFER_FETCH_AVAILABLE UNITY_USE_DITHER_MASK_FOR_ALPHABLENDED_SHADOWS UNITY_PBS_USE_BRDF1 UNITY_SPECCUBE_BOX_PROJECTION UNITY_SPECCUBE_BLENDING UNITY_ENABLE_DETAIL_NORMALMAP SHADER_API_DESKTOP UNITY_COLORSPACE_GAMMA UNITY_LIGHT_PROBE_PROXY_VOLUME UNITY_LIGHTMAP_FULL_HDR UNITY_NEEDS_RENDERPASS_FBFETCH_FALLBACK uKW=SHADER_STAGE_COMPUTE platform=metal flags=4294971396 reqs=16385 forceDXC=0 forceFXC=0  error: 2 plat 14 at RayTracingShader.compute(164): undeclared identifier 'i'
 ok=0 outsize=0

Cmd: compileComputeKernel
  insize=6920 file=Assets/Scripts/RayTracingShader.compute kernel=CSMain ppOnly=0 stripLineD=0 buildPlatform=2 km=<UNITY_VERSION=202235> pKW=UNITY_ENABLE_REFLECTION_BUFFERS UNITY_FRAMEBUFFER_FETCH_AVAILABLE UNITY_USE_DITHER_MASK_FOR_ALPHABLENDED_SHADOWS UNITY_PBS_USE_BRDF1 UNITY_SPECCUBE_BOX_PROJECTION UNITY_SPECCUBE_BLENDING UNITY_ENABLE_DETAIL_NORMALMAP SHADER_API_DESKTOP UNITY_COLORSPACE_GAMMA UNITY_LIGHT_PROBE_PROXY_VOLUME UNITY_LIGHTMAP_FULL_HDR UNITY_NEEDS_RENDERPASS_FBFETCH_FALLBACK uKW=SHADER_STAGE_COMPUTE platform=metal flags=4294971396 reqs=16385 forceDXC=0 forceFXC=0  error: 2 plat 14 at RayTracingShader.compute(164): undeclared identifier 'i'
 ok=0 outsize=0

Cmd: compileComputeKernel
  insize=6868 file=Assets/Scripts/RayTracingShader.compute kernel=CSMain ppOnly=0 stripLineD=0 buildPlatform=2 km=<UNITY_VERSION=202235> pKW=UNITY_ENABLE_REFLECTION_BUFFERS UNITY_FRAMEBUFFER_FETCH_AVAILABLE UNITY_USE_DITHER_MASK_FOR_ALPHABLENDED_SHADOWS UNITY_PBS_USE_BRDF1 UNITY_SPECCUBE_BOX_PROJECTION UNITY_SPECCUBE_BLENDING UNITY_ENABLE_DETAIL_NORMALMAP SHADER_API_DESKTOP UNITY_COLORSPACE_GAMMA UNITY_LIGHT_PROBE_PROXY_VOLUME UNITY_LIGHTMAP_FULL_HDR UNITY_NEEDS_RENDERPASS_FBFETCH_FALLBACK uKW=SHADER_STAGE_COMPUTE platform=metal flags=4294971396 reqs=16385 forceDXC=0 forceFXC=0  error: 1 plat 14 at RayTracingShader.compute(197): use of potentially uninitialized variable (Shade)
 ok=1 outsize=10996

Cmd: compileComputeKernel
  insize=6908 file=Assets/Scripts/RayTracingShader.compute kernel=CSMain ppOnly=0 stripLineD=0 buildPlatform=2 km=<UNITY_VERSION=202235> pKW=UNITY_ENABLE_REFLECTION_BUFFERS UNITY_FRAMEBUFFER_FETCH_AVAILABLE UNITY_USE_DITHER_MASK_FOR_ALPHABLENDED_SHADOWS UNITY_PBS_USE_BRDF1 UNITY_SPECCUBE_BOX_PROJECTION UNITY_SPECCUBE_BLENDING UNITY_ENABLE_DETAIL_NORMALMAP SHADER_API_DESKTOP UNITY_COLORSPACE_GAMMA UNITY_LIGHT_PROBE_PROXY_VOLUME UNITY_LIGHTMAP_FULL_HDR UNITY_NEEDS_RENDERPASS_FBFETCH_FALLBACK uKW=SHADER_STAGE_COMPUTE platform=metal flags=4294971396 reqs=16385 forceDXC=0 forceFXC=0  error: 1 plat 14 at RayTracingShader.compute(199): use of potentially uninitialized variable (Shade)
 ok=1 outsize=12352

Cmd: compileComputeKernel
  insize=6910 file=Assets/Scripts/RayTracingShader.compute kernel=CSMain ppOnly=0 stripLineD=0 buildPlatform=2 km=<UNITY_VERSION=202235> pKW=UNITY_ENABLE_REFLECTION_BUFFERS UNITY_FRAMEBUFFER_FETCH_AVAILABLE UNITY_USE_DITHER_MASK_FOR_ALPHABLENDED_SHADOWS UNITY_PBS_USE_BRDF1 UNITY_SPECCUBE_BOX_PROJECTION UNITY_SPECCUBE_BLENDING UNITY_ENABLE_DETAIL_NORMALMAP SHADER_API_DESKTOP UNITY_COLORSPACE_GAMMA UNITY_LIGHT_PROBE_PROXY_VOLUME UNITY_LIGHTMAP_FULL_HDR UNITY_NEEDS_RENDERPASS_FBFETCH_FALLBACK uKW=SHADER_STAGE_COMPUTE platform=metal flags=4294971396 reqs=16385 forceDXC=0 forceFXC=0  error: 1 plat 14 at RayTracingShader.compute(199): use of potentially uninitialized variable (Shade)
 ok=1 outsize=12352

Cmd: compileComputeKernel
  insize=6955 file=Assets/Scripts/RayTracingShader.compute kernel=CSMain ppOnly=0 stripLineD=0 buildPlatform=2 km=<UNITY_VERSION=202235> pKW=UNITY_ENABLE_REFLECTION_BUFFERS UNITY_FRAMEBUFFER_FETCH_AVAILABLE UNITY_USE_DITHER_MASK_FOR_ALPHABLENDED_SHADOWS UNITY_PBS_USE_BRDF1 UNITY_SPECCUBE_BOX_PROJECTION UNITY_SPECCUBE_BLENDING UNITY_ENABLE_DETAIL_NORMALMAP SHADER_API_DESKTOP UNITY_COLORSPACE_GAMMA UNITY_LIGHT_PROBE_PROXY_VOLUME UNITY_LIGHTMAP_FULL_HDR UNITY_NEEDS_RENDERPASS_FBFETCH_FALLBACK uKW=SHADER_STAGE_COMPUTE platform=metal flags=4294971396 reqs=16385 forceDXC=0 forceFXC=0  error: 1 plat 14 at RayTracingShader.compute(201): use of potentially uninitialized variable (Shade)
 ok=1 outsize=13242

Cmd: compileComputeKernel
  insize=6958 file=Assets/Scripts/RayTracingShader.compute kernel=CSMain ppOnly=0 stripLineD=0 buildPlatform=2 km=<UNITY_VERSION=202235> pKW=UNITY_ENABLE_REFLECTION_BUFFERS UNITY_FRAMEBUFFER_FETCH_AVAILABLE UNITY_USE_DITHER_MASK_FOR_ALPHABLENDED_SHADOWS UNITY_PBS_USE_BRDF1 UNITY_SPECCUBE_BOX_PROJECTION UNITY_SPECCUBE_BLENDING UNITY_ENABLE_DETAIL_NORMALMAP SHADER_API_DESKTOP UNITY_COLORSPACE_GAMMA UNITY_LIGHT_PROBE_PROXY_VOLUME UNITY_LIGHTMAP_FULL_HDR UNITY_NEEDS_RENDERPASS_FBFETCH_FALLBACK uKW=SHADER_STAGE_COMPUTE platform=metal flags=4294971396 reqs=16385 forceDXC=0 forceFXC=0  error: 1 plat 14 at RayTracingShader.compute(201): use of potentially uninitialized variable (Shade)
 ok=1 outsize=13248

Cmd: compileComputeKernel
  insize=6983 file=Assets/Scripts/RayTracingShader.compute kernel=CSMain ppOnly=0 stripLineD=0 buildPlatform=2 km=<UNITY_VERSION=202235> pKW=UNITY_ENABLE_REFLECTION_BUFFERS UNITY_FRAMEBUFFER_FETCH_AVAILABLE UNITY_USE_DITHER_MASK_FOR_ALPHABLENDED_SHADOWS UNITY_PBS_USE_BRDF1 UNITY_SPECCUBE_BOX_PROJECTION UNITY_SPECCUBE_BLENDING UNITY_ENABLE_DETAIL_NORMALMAP SHADER_API_DESKTOP UNITY_COLORSPACE_GAMMA UNITY_LIGHT_PROBE_PROXY_VOLUME UNITY_LIGHTMAP_FULL_HDR UNITY_NEEDS_RENDERPASS_FBFETCH_FALLBACK uKW=SHADER_STAGE_COMPUTE platform=metal flags=4294971396 reqs=16385 forceDXC=0 forceFXC=0  error: 1 plat 14 at RayTracingShader.compute(202): use of potentially uninitialized variable (Shade)
 ok=1 outsize=13829

Cmd: compileComputeKernel
  insize=6935 file=Assets/Scripts/RayTracingShader.compute kernel=CSMain ppOnly=0 stripLineD=0 buildPlatform=2 km=<UNITY_VERSION=202235> pKW=UNITY_ENABLE_REFLECTION_BUFFERS UNITY_FRAMEBUFFER_FETCH_AVAILABLE UNITY_USE_DITHER_MASK_FOR_ALPHABLENDED_SHADOWS UNITY_PBS_USE_BRDF1 UNITY_SPECCUBE_BOX_PROJECTION UNITY_SPECCUBE_BLENDING UNITY_ENABLE_DETAIL_NORMALMAP SHADER_API_DESKTOP UNITY_COLORSPACE_GAMMA UNITY_LIGHT_PROBE_PROXY_VOLUME UNITY_LIGHTMAP_FULL_HDR UNITY_NEEDS_RENDERPASS_FBFETCH_FALLBACK uKW=SHADER_STAGE_COMPUTE platform=metal flags=4294971396 reqs=16385 forceDXC=0 forceFXC=0  error: 1 plat 14 at RayTracingShader.compute(199): use of potentially uninitialized variable (Shade)
 ok=1 outsize=12490

Cmd: compileComputeKernel
  insize=6939 file=Assets/Scripts/RayTracingShader.compute kernel=CSMain ppOnly=0 stripLineD=0 buildPlatform=2 km=<UNITY_VERSION=202235> pKW=UNITY_ENABLE_REFLECTION_BUFFERS UNITY_FRAMEBUFFER_FETCH_AVAILABLE UNITY_USE_DITHER_MASK_FOR_ALPHABLENDED_SHADOWS UNITY_PBS_USE_BRDF1 UNITY_SPECCUBE_BOX_PROJECTION UNITY_SPECCUBE_BLENDING UNITY_ENABLE_DETAIL_NORMALMAP SHADER_API_DESKTOP UNITY_COLORSPACE_GAMMA UNITY_LIGHT_PROBE_PROXY_VOLUME UNITY_LIGHTMAP_FULL_HDR UNITY_NEEDS_RENDERPASS_FBFETCH_FALLBACK uKW=SHADER_STAGE_COMPUTE platform=metal flags=4294971396 reqs=16385 forceDXC=0 forceFXC=0  error: 1 plat 14 at RayTracingShader.compute(199): use of potentially uninitialized variable (Shade)
 ok=1 outsize=12670

Cmd: compileComputeKernel
  insize=6943 file=Assets/Scripts/RayTracingShader.compute kernel=CSMain ppOnly=0 stripLineD=0 buildPlatform=2 km=<UNITY_VERSION=202235> pKW=UNITY_ENABLE_REFLECTION_BUFFERS UNITY_FRAMEBUFFER_FETCH_AVAILABLE UNITY_USE_DITHER_MASK_FOR_ALPHABLENDED_SHADOWS UNITY_PBS_USE_BRDF1 UNITY_SPECCUBE_BOX_PROJECTION UNITY_SPECCUBE_BLENDING UNITY_ENABLE_DETAIL_NORMALMAP SHADER_API_DESKTOP UNITY_COLORSPACE_GAMMA UNITY_LIGHT_PROBE_PROXY_VOLUME UNITY_LIGHTMAP_FULL_HDR UNITY_NEEDS_RENDERPASS_FBFETCH_FALLBACK uKW=SHADER_STAGE_COMPUTE platform=metal flags=4294971396 reqs=16385 forceDXC=0 forceFXC=0  error: 1 plat 14 at RayTracingShader.compute(199): use of potentially uninitialized variable (Shade)
 ok=1 outsize=13351

Cmd: compileComputeKernel
  insize=6956 file=Assets/Scripts/RayTracingShader.compute kernel=CSMain ppOnly=0 stripLineD=0 buildPlatform=2 km=<UNITY_VERSION=202235> pKW=UNITY_ENABLE_REFLECTION_BUFFERS UNITY_FRAMEBUFFER_FETCH_AVAILABLE UNITY_USE_DITHER_MASK_FOR_ALPHABLENDED_SHADOWS UNITY_PBS_USE_BRDF1 UNITY_SPECCUBE_BOX_PROJECTION UNITY_SPECCUBE_BLENDING UNITY_ENABLE_DETAIL_NORMALMAP SHADER_API_DESKTOP UNITY_COLORSPACE_GAMMA UNITY_LIGHT_PROBE_PROXY_VOLUME UNITY_LIGHTMAP_FULL_HDR UNITY_NEEDS_RENDERPASS_FBFETCH_FALLBACK uKW=SHADER_STAGE_COMPUTE platform=metal flags=4294971396 reqs=16385 forceDXC=0 forceFXC=0  error: 2 plat 14 at RayTracingShader.compute(165): syntax error: unexpected token 'or'
 ok=0 outsize=0

Cmd: compileComputeKernel
  insize=6956 file=Assets/Scripts/RayTracingShader.compute kernel=CSMain ppOnly=0 stripLineD=0 buildPlatform=2 km=<UNITY_VERSION=202235> pKW=UNITY_ENABLE_REFLECTION_BUFFERS UNITY_FRAMEBUFFER_FETCH_AVAILABLE UNITY_USE_DITHER_MASK_FOR_ALPHABLENDED_SHADOWS UNITY_PBS_USE_BRDF1 UNITY_SPECCUBE_BOX_PROJECTION UNITY_SPECCUBE_BLENDING UNITY_ENABLE_DETAIL_NORMALMAP SHADER_API_DESKTOP UNITY_COLORSPACE_GAMMA UNITY_LIGHT_PROBE_PROXY_VOLUME UNITY_LIGHTMAP_FULL_HDR UNITY_NEEDS_RENDERPASS_FBFETCH_FALLBACK uKW=SHADER_STAGE_COMPUTE platform=metal flags=4294971396 reqs=16385 forceDXC=0 forceFXC=0  error: 1 plat 14 at RayTracingShader.compute(199): use of potentially uninitialized variable (Shade)
 ok=1 outsize=13551

Cmd: compileComputeKernel
  insize=6964 file=Assets/Scripts/RayTracingShader.compute kernel=CSMain ppOnly=0 stripLineD=0 buildPlatform=2 km=<UNITY_VERSION=202235> pKW=UNITY_ENABLE_REFLECTION_BUFFERS UNITY_FRAMEBUFFER_FETCH_AVAILABLE UNITY_USE_DITHER_MASK_FOR_ALPHABLENDED_SHADOWS UNITY_PBS_USE_BRDF1 UNITY_SPECCUBE_BOX_PROJECTION UNITY_SPECCUBE_BLENDING UNITY_ENABLE_DETAIL_NORMALMAP SHADER_API_DESKTOP UNITY_COLORSPACE_GAMMA UNITY_LIGHT_PROBE_PROXY_VOLUME UNITY_LIGHTMAP_FULL_HDR UNITY_NEEDS_RENDERPASS_FBFETCH_FALLBACK uKW=SHADER_STAGE_COMPUTE platform=metal flags=4294971396 reqs=16385 forceDXC=0 forceFXC=0  error: 1 plat 14 at RayTracingShader.compute(199): use of potentially uninitialized variable (Shade)
 ok=1 outsize=13760

Cmd: compileComputeKernel
  insize=6965 file=Assets/Scripts/RayTracingShader.compute kernel=CSMain ppOnly=0 stripLineD=0 buildPlatform=2 km=<UNITY_VERSION=202235> pKW=UNITY_ENABLE_REFLECTION_BUFFERS UNITY_FRAMEBUFFER_FETCH_AVAILABLE UNITY_USE_DITHER_MASK_FOR_ALPHABLENDED_SHADOWS UNITY_PBS_USE_BRDF1 UNITY_SPECCUBE_BOX_PROJECTION UNITY_SPECCUBE_BLENDING UNITY_ENABLE_DETAIL_NORMALMAP SHADER_API_DESKTOP UNITY_COLORSPACE_GAMMA UNITY_LIGHT_PROBE_PROXY_VOLUME UNITY_LIGHTMAP_FULL_HDR UNITY_NEEDS_RENDERPASS_FBFETCH_FALLBACK uKW=SHADER_STAGE_COMPUTE platform=metal flags=4294971396 reqs=16385 forceDXC=0 forceFXC=0  error: 1 plat 14 at RayTracingShader.compute(199): use of potentially uninitialized variable (Shade)
 ok=1 outsize=13762

Cmd: compileComputeKernel
  insize=6987 file=Assets/Scripts/RayTracingShader.compute kernel=CSMain ppOnly=0 stripLineD=0 buildPlatform=2 km=<UNITY_VERSION=202235> pKW=UNITY_ENABLE_REFLECTION_BUFFERS UNITY_FRAMEBUFFER_FETCH_AVAILABLE UNITY_USE_DITHER_MASK_FOR_ALPHABLENDED_SHADOWS UNITY_PBS_USE_BRDF1 UNITY_SPECCUBE_BOX_PROJECTION UNITY_SPECCUBE_BLENDING UNITY_ENABLE_DETAIL_NORMALMAP SHADER_API_DESKTOP UNITY_COLORSPACE_GAMMA UNITY_LIGHT_PROBE_PROXY_VOLUME UNITY_LIGHTMAP_FULL_HDR UNITY_NEEDS_RENDERPASS_FBFETCH_FALLBACK uKW=SHADER_STAGE_COMPUTE platform=metal flags=4294971396 reqs=16385 forceDXC=0 forceFXC=0  error: 1 plat 14 at RayTracingShader.compute(199): use of potentially uninitialized variable (Shade)
 ok=1 outsize=7216

Cmd: compileComputeKernel
  insize=6993 file=Assets/Scripts/RayTracingShader.compute kernel=CSMain ppOnly=0 stripLineD=0 buildPlatform=2 km=<UNITY_VERSION=202235> pKW=UNITY_ENABLE_REFLECTION_BUFFERS UNITY_FRAMEBUFFER_FETCH_AVAILABLE UNITY_USE_DITHER_MASK_FOR_ALPHABLENDED_SHADOWS UNITY_PBS_USE_BRDF1 UNITY_SPECCUBE_BOX_PROJECTION UNITY_SPECCUBE_BLENDING UNITY_ENABLE_DETAIL_NORMALMAP SHADER_API_DESKTOP UNITY_COLORSPACE_GAMMA UNITY_LIGHT_PROBE_PROXY_VOLUME UNITY_LIGHTMAP_FULL_HDR UNITY_NEEDS_RENDERPASS_FBFETCH_FALLBACK uKW=SHADER_STAGE_COMPUTE platform=metal flags=4294971396 reqs=16385 forceDXC=0 forceFXC=0  error: 1 plat 14 at RayTracingShader.compute(199): use of potentially uninitialized variable (Shade)
 ok=1 outsize=7216

Cmd: compileComputeKernel
  insize=6975 file=Assets/Scripts/RayTracingShader.compute kernel=CSMain ppOnly=0 stripLineD=0 buildPlatform=2 km=<UNITY_VERSION=202235> pKW=UNITY_ENABLE_REFLECTION_BUFFERS UNITY_FRAMEBUFFER_FETCH_AVAILABLE UNITY_USE_DITHER_MASK_FOR_ALPHABLENDED_SHADOWS UNITY_PBS_USE_BRDF1 UNITY_SPECCUBE_BOX_PROJECTION UNITY_SPECCUBE_BLENDING UNITY_ENABLE_DETAIL_NORMALMAP SHADER_API_DESKTOP UNITY_COLORSPACE_GAMMA UNITY_LIGHT_PROBE_PROXY_VOLUME UNITY_LIGHTMAP_FULL_HDR UNITY_NEEDS_RENDERPASS_FBFETCH_FALLBACK uKW=SHADER_STAGE_COMPUTE platform=metal flags=4294971396 reqs=16385 forceDXC=0 forceFXC=0  error: 2 plat 14 at RayTracingShader.compute(169): unrecognized identifier 'Trace'
  error: 2 plat 14 at RayTracingShader.compute(169): unrecognized identifier 'spheres'
 ok=0 outsize=0

Cmd: compileComputeKernel
  insize=6978 file=Assets/Scripts/RayTracingShader.compute kernel=CSMain ppOnly=0 stripLineD=0 buildPlatform=2 km=<UNITY_VERSION=202235> pKW=UNITY_ENABLE_REFLECTION_BUFFERS UNITY_FRAMEBUFFER_FETCH_AVAILABLE UNITY_USE_DITHER_MASK_FOR_ALPHABLENDED_SHADOWS UNITY_PBS_USE_BRDF1 UNITY_SPECCUBE_BOX_PROJECTION UNITY_SPECCUBE_BLENDING UNITY_ENABLE_DETAIL_NORMALMAP SHADER_API_DESKTOP UNITY_COLORSPACE_GAMMA UNITY_LIGHT_PROBE_PROXY_VOLUME UNITY_LIGHTMAP_FULL_HDR UNITY_NEEDS_RENDERPASS_FBFETCH_FALLBACK uKW=SHADER_STAGE_COMPUTE platform=metal flags=4294971396 reqs=16385 forceDXC=0 forceFXC=0  error: 2 plat 14 at RayTracingShader.compute(172): redefinition of 'numSpheres'
 ok=0 outsize=0

Cmd: compileComputeKernel
  insize=6984 file=Assets/Scripts/RayTracingShader.compute kernel=CSMain ppOnly=0 stripLineD=0 buildPlatform=2 km=<UNITY_VERSION=202235> pKW=UNITY_ENABLE_REFLECTION_BUFFERS UNITY_FRAMEBUFFER_FETCH_AVAILABLE UNITY_USE_DITHER_MASK_FOR_ALPHABLENDED_SHADOWS UNITY_PBS_USE_BRDF1 UNITY_SPECCUBE_BOX_PROJECTION UNITY_SPECCUBE_BLENDING UNITY_ENABLE_DETAIL_NORMALMAP SHADER_API_DESKTOP UNITY_COLORSPACE_GAMMA UNITY_LIGHT_PROBE_PROXY_VOLUME UNITY_LIGHTMAP_FULL_HDR UNITY_NEEDS_RENDERPASS_FBFETCH_FALLBACK uKW=SHADER_STAGE_COMPUTE platform=metal flags=4294971396 reqs=16385 forceDXC=0 forceFXC=0  error: 1 plat 14 at RayTracingShader.compute(199): use of potentially uninitialized variable (Shade)
 ok=1 outsize=12717

Cmd: shutdown

Quitting shader compiler process
